<!DOCTYPE html PUBLIC "-//W3C//DTD XHTML 1.1//EN" "http://www.w3.org/TR/xhtml11/DTD/xhtml11.dtd">
<html xmlns="http://www.w3.org/1999/xhtml">
<head>
<meta http-equiv="content-type" content="text/html; charset=UTF-8"/>
<title>TestNG Report</title>
<style type="text/css">table {margin-bottom:10px;border-collapse:collapse;empty-cells:show}th,td {border:1px solid #009;padding:.25em .5em}th {vertical-align:bottom}td {vertical-align:top}table a {font-weight:bold}.stripe td {background-color: #E6EBF9}.num {text-align:right}.passedodd td {background-color: #3F3}.passedeven td {background-color: #0A0}.skippedodd td {background-color: #DDD}.skippedeven td {background-color: #CCC}.failedodd td,.attn {background-color: #F33}.failedeven td,.stripe .attn {background-color: #D00}.stacktrace {white-space:pre;font-family:monospace}.totop {font-size:85%;text-align:center;border-bottom:2px solid #000}.invisible {display:none}</style>
</head>
<body>
<table>
<tr><th>Test</th><th># Passed</th><th># Skipped</th><th># Failed</th><th>Time (ms)</th><th>Included Groups</th><th>Excluded Groups</th></tr>
<tr><th colspan="7">SQALoanManagement</th></tr>
<tr><td><a href="#t0">DAO.DAOTest</a></td><td class="num">38</td><td class="num">0</td><td class="num">0</td><td class="num">1,420</td><td></td><td></td></tr>
<tr class="stripe"><td><a href="#t1">DAO.DatabaseConnectionTest</a></td><td class="num">1</td><td class="num">0</td><td class="num">0</td><td class="num">13</td><td></td><td></td></tr>
<tr><td><a href="#t2">model.AdminTest</a></td><td class="num">6</td><td class="num">0</td><td class="num">0</td><td class="num">2</td><td></td><td></td></tr>
<tr class="stripe"><td><a href="#t3">model.BankAccountTest</a></td><td class="num">8</td><td class="num">0</td><td class="num">0</td><td class="num">2</td><td></td><td></td></tr>
<tr><td><a href="#t4">model.CustomerTest</a></td><td class="num">21</td><td class="num">0</td><td class="num attn">6</td><td class="num">175</td><td></td><td></td></tr>
<tr class="stripe"><td><a href="#t5">model.InterestDetailTest</a></td><td class="num">12</td><td class="num">0</td><td class="num">0</td><td class="num">3</td><td></td><td></td></tr>
<tr><td><a href="#t6">model.LoanTest</a></td><td class="num">12</td><td class="num">0</td><td class="num">0</td><td class="num">26</td><td></td><td></td></tr>
<tr class="stripe"><td><a href="#t7">model.PaymentTest</a></td><td class="num">10</td><td class="num">0</td><td class="num attn">8</td><td class="num">162</td><td></td><td></td></tr>
<tr><th>Total</th><th class="num">108</th><th class="num">0</th><th class="num attn">14</th><th class="num">1,803</th><th colspan="2"></th></tr>
</table>
<table id='summary'><thead><tr><th>Class</th><th>Method</th><th>Start</th><th>Time (ms)</th></tr></thead><tbody><tr><th colspan="4">SQALoanManagement</th></tr></tbody><tbody id="t0"><tr><th colspan="4">DAO.DAOTest &#8212; passed</th></tr><tr class="passedeven"><td rowspan="38">DAO.DAOTest</td><td><a href="#m0">testAddBankAccount</a></td><td rowspan="1">1682408413859</td><td rowspan="1">881</td></tr><tr class="passedeven"><td><a href="#m1">testAddBankAccount2</a></td><td rowspan="1">1682408413860</td><td rowspan="1">1280</td></tr><tr class="passedeven"><td><a href="#m2">testAddCustomer</a></td><td rowspan="1">1682408413859</td><td rowspan="1">950</td></tr><tr class="passedeven"><td><a href="#m3">testAddCustomer2</a></td><td rowspan="1">1682408413858</td><td rowspan="1">746</td></tr><tr class="passedeven"><td><a href="#m4">testAddInterest</a></td><td rowspan="1">1682408413859</td><td rowspan="1">928</td></tr><tr class="passedeven"><td><a href="#m5">testAddLoan</a></td><td rowspan="1">1682408413858</td><td rowspan="1">861</td></tr><tr class="passedeven"><td><a href="#m6">testAddPayments</a></td><td rowspan="1">1682408413859</td><td rowspan="1">1146</td></tr><tr class="passedeven"><td><a href="#m7">testCheckID_Card</a></td><td rowspan="1">1682408413860</td><td rowspan="1">1349</td></tr><tr class="passedeven"><td><a href="#m8">testCheckID_Card2</a></td><td rowspan="1">1682408413860</td><td rowspan="1">1311</td></tr><tr class="passedeven"><td><a href="#m9">testGetAdminByID</a></td><td rowspan="1">1682408413860</td><td rowspan="1">1254</td></tr><tr class="passedeven"><td><a href="#m10">testGetAdminByID2</a></td><td rowspan="1">1682408413858</td><td rowspan="1">703</td></tr><tr class="passedeven"><td><a href="#m11">testGetBankAccountByCustomer</a></td><td rowspan="1">1682408413854</td><td rowspan="1">688</td></tr><tr class="passedeven"><td><a href="#m12">testGetBankAccountByCustomer2</a></td><td rowspan="1">1682408413860</td><td rowspan="1">1189</td></tr><tr class="passedeven"><td><a href="#m13">testGetBankAccountByID</a></td><td rowspan="1">1682408413859</td><td rowspan="1">1007</td></tr><tr class="passedeven"><td><a href="#m14">testGetBankAccountByID2</a></td><td rowspan="1">1682408413859</td><td rowspan="1">907</td></tr><tr class="passedeven"><td><a href="#m15">testGetBankAccountByNumber</a></td><td rowspan="1">1682408413859</td><td rowspan="1">989</td></tr><tr class="passedeven"><td><a href="#m16">testGetBankAccountByNumber2</a></td><td rowspan="1">1682408413859</td><td rowspan="1">894</td></tr><tr class="passedeven"><td><a href="#m17">testGetCustomer</a></td><td rowspan="1">1682408413860</td><td rowspan="1">1374</td></tr><tr class="passedeven"><td><a href="#m18">testGetCustomer2</a></td><td rowspan="1">1682408413858</td><td rowspan="1">811</td></tr><tr class="passedeven"><td><a href="#m19">testGetCustomerByID</a></td><td rowspan="1">1682408413858</td><td rowspan="1">726</td></tr><tr class="passedeven"><td><a href="#m20">testGetCustomerByID2</a></td><td rowspan="1">1682408413860</td><td rowspan="1">1160</td></tr><tr class="passedeven"><td><a href="#m21">testGetCustomerByUsername</a></td><td rowspan="1">1682408413859</td><td rowspan="1">1040</td></tr><tr class="passedeven"><td><a href="#m22">testGetCustomerByUsername2</a></td><td rowspan="1">1682408413860</td><td rowspan="1">1242</td></tr><tr class="passedeven"><td><a href="#m23">testGetInterestDetailAvailableByLoanTypeAndTenor</a></td><td rowspan="1">1682408413860</td><td rowspan="1">1362</td></tr><tr class="passedeven"><td><a href="#m24">testGetInterestDetailAvailableByLoanTypeAndTenor2</a></td><td rowspan="1">1682408413860</td><td rowspan="1">1324</td></tr><tr class="passedeven"><td><a href="#m25">testGetInterestDetailByID</a></td><td rowspan="1">1682408413859</td><td rowspan="1">1055</td></tr><tr class="passedeven"><td><a href="#m26">testGetInterestDetailByID2</a></td><td rowspan="1">1682408413860</td><td rowspan="1">1337</td></tr><tr class="passedeven"><td><a href="#m27">testGetLoanByBankAccountID</a></td><td rowspan="1">1682408413860</td><td rowspan="1">1300</td></tr><tr class="passedeven"><td><a href="#m28">testGetLoanByID</a></td><td rowspan="1">1682408413859</td><td rowspan="1">972</td></tr><tr class="passedeven"><td><a href="#m29">testGetLoanByID2</a></td><td rowspan="1">1682408413858</td><td rowspan="1">837</td></tr><tr class="passedeven"><td><a href="#m30">testGetPaymentById</a></td><td rowspan="1">1682408413860</td><td rowspan="1">1219</td></tr><tr class="passedeven"><td><a href="#m31">testGetPaymentById2</a></td><td rowspan="1">1682408413860</td><td rowspan="1">1231</td></tr><tr class="passedeven"><td><a href="#m32">testGetPaymentByLoanID</a></td><td rowspan="1">1682408413858</td><td rowspan="1">794</td></tr><tr class="passedeven"><td><a href="#m33">testUpdateBankAccount</a></td><td rowspan="1">1682408413860</td><td rowspan="1">1177</td></tr><tr class="passedeven"><td><a href="#m34">testUpdateBankAccount2</a></td><td rowspan="1">1682408413860</td><td rowspan="1">1202</td></tr><tr class="passedeven"><td><a href="#m35">testUpdateLoan</a></td><td rowspan="1">1682408413859</td><td rowspan="1">1029</td></tr><tr class="passedeven"><td><a href="#m36">testUpdatePayment</a></td><td rowspan="1">1682408413859</td><td rowspan="1">1076</td></tr><tr class="passedeven"><td><a href="#m37">testUpdatePaymentFineById</a></td><td rowspan="1">1682408413859</td><td rowspan="1">1117</td></tr></tbody>
<tbody id="t1"><tr><th colspan="4">DAO.DatabaseConnectionTest &#8212; passed</th></tr><tr class="passedeven"><td rowspan="1">DAO.DatabaseConnectionTest</td><td><a href="#m38">testGetDatabaseConnection</a></td><td rowspan="1">1682408415259</td><td rowspan="1">11</td></tr></tbody>
<tbody id="t2"><tr><th colspan="4">model.AdminTest &#8212; passed</th></tr><tr class="passedeven"><td rowspan="6">model.AdminTest</td><td><a href="#m39">testGetId</a></td><td rowspan="1">1682408415275</td><td rowspan="1">0</td></tr><tr class="passedeven"><td><a href="#m40">testGetPassword</a></td><td rowspan="1">1682408415275</td><td rowspan="1">0</td></tr><tr class="passedeven"><td><a href="#m41">testGetUsername</a></td><td rowspan="1">1682408415275</td><td rowspan="1">1</td></tr><tr class="passedeven"><td><a href="#m42">testSetId</a></td><td rowspan="1">1682408415275</td><td rowspan="1">0</td></tr><tr class="passedeven"><td><a href="#m43">testSetPassword</a></td><td rowspan="1">1682408415275</td><td rowspan="1">0</td></tr><tr class="passedeven"><td><a href="#m44">testSetUsername</a></td><td rowspan="1">1682408415275</td><td rowspan="1">1</td></tr></tbody>
<tbody id="t3"><tr><th colspan="4">model.BankAccountTest &#8212; passed</th></tr><tr class="passedeven"><td rowspan="8">model.BankAccountTest</td><td><a href="#m45">testGetBalance</a></td><td rowspan="1">1682408415281</td><td rowspan="1">1</td></tr><tr class="passedeven"><td><a href="#m46">testGetCustomer</a></td><td rowspan="1">1682408415281</td><td rowspan="1">1</td></tr><tr class="passedeven"><td><a href="#m47">testGetId</a></td><td rowspan="1">1682408415281</td><td rowspan="1">0</td></tr><tr class="passedeven"><td><a href="#m48">testGetNumber</a></td><td rowspan="1">1682408415281</td><td rowspan="1">1</td></tr><tr class="passedeven"><td><a href="#m49">testSetBalance</a></td><td rowspan="1">1682408415281</td><td rowspan="1">1</td></tr><tr class="passedeven"><td><a href="#m50">testSetCustomer</a></td><td rowspan="1">1682408415281</td><td rowspan="1">1</td></tr><tr class="passedeven"><td><a href="#m51">testSetId</a></td><td rowspan="1">1682408415281</td><td rowspan="1">0</td></tr><tr class="passedeven"><td><a href="#m52">testSetNumber</a></td><td rowspan="1">1682408415281</td><td rowspan="1">1</td></tr></tbody>
<tbody id="t4"><tr><th colspan="4">model.CustomerTest &#8212; failed</th></tr><tr class="failedeven"><td rowspan="6">model.CustomerTest</td><td><a href="#m53">testGetAddress2</a></td><td rowspan="1">1682408415340</td><td rowspan="1">13</td></tr><tr class="failedeven"><td><a href="#m54">testGetId2</a></td><td rowspan="1">1682408415340</td><td rowspan="1">51</td></tr><tr class="failedeven"><td><a href="#m55">testGetName2</a></td><td rowspan="1">1682408415340</td><td rowspan="1">3</td></tr><tr class="failedeven"><td><a href="#m56">testSetDob</a></td><td rowspan="1">1682408415340</td><td rowspan="1">52</td></tr><tr class="failedeven"><td><a href="#m57">testSetId2</a></td><td rowspan="1">1682408415340</td><td rowspan="1">106</td></tr><tr class="failedeven"><td><a href="#m58">testSetId3</a></td><td rowspan="1">1682408415340</td><td rowspan="1">106</td></tr><tr><th colspan="4">model.CustomerTest &#8212; passed</th></tr><tr class="passedeven"><td rowspan="21">model.CustomerTest</td><td><a href="#m59">testGetAddress1</a></td><td rowspan="1">1682408415340</td><td rowspan="1">13</td></tr><tr class="passedeven"><td><a href="#m60">testGetCard_id</a></td><td rowspan="1">1682408415340</td><td rowspan="1">14</td></tr><tr class="passedeven"><td><a href="#m61">testGetDob</a></td><td rowspan="1">1682408415340</td><td rowspan="1">51</td></tr><tr class="passedeven"><td><a href="#m62">testGetEmail</a></td><td rowspan="1">1682408415340</td><td rowspan="1">1</td></tr><tr class="passedeven"><td><a href="#m63">testGetId1</a></td><td rowspan="1">1682408415340</td><td rowspan="1">51</td></tr><tr class="passedeven"><td><a href="#m64">testGetName1</a></td><td rowspan="1">1682408415340</td><td rowspan="1">1</td></tr><tr class="passedeven"><td><a href="#m65">testGetPassword</a></td><td rowspan="1">1682408415340</td><td rowspan="1">1</td></tr><tr class="passedeven"><td><a href="#m66">testGetPhonenumber</a></td><td rowspan="1">1682408415340</td><td rowspan="1">171</td></tr><tr class="passedeven"><td><a href="#m67">testGetUsername</a></td><td rowspan="1">1682408415340</td><td rowspan="1">15</td></tr><tr class="passedeven"><td><a href="#m68">testIsGender</a></td><td rowspan="1">1682408415340</td><td rowspan="1">13</td></tr><tr class="passedeven"><td><a href="#m69">testSetAddress1</a></td><td rowspan="1">1682408415340</td><td rowspan="1">6</td></tr><tr class="passedeven"><td><a href="#m70">testSetAddress2</a></td><td rowspan="1">1682408415340</td><td rowspan="1">6</td></tr><tr class="passedeven"><td><a href="#m71">testSetCard_id</a></td><td rowspan="1">1682408415340</td><td rowspan="1">6</td></tr><tr class="passedeven"><td><a href="#m72">testSetEmail</a></td><td rowspan="1">1682408415340</td><td rowspan="1">171</td></tr><tr class="passedeven"><td><a href="#m73">testSetGender</a></td><td rowspan="1">1682408415340</td><td rowspan="1">14</td></tr><tr class="passedeven"><td><a href="#m74">testSetId1</a></td><td rowspan="1">1682408415340</td><td rowspan="1">105</td></tr><tr class="passedeven"><td><a href="#m75">testSetName1</a></td><td rowspan="1">1682408415340</td><td rowspan="1">171</td></tr><tr class="passedeven"><td><a href="#m76">testSetName2</a></td><td rowspan="1">1682408415340</td><td rowspan="1">171</td></tr><tr class="passedeven"><td><a href="#m77">testSetPassword</a></td><td rowspan="1">1682408415339</td><td rowspan="1">2</td></tr><tr class="passedeven"><td><a href="#m78">testSetPhonenumber</a></td><td rowspan="1">1682408415340</td><td rowspan="1">14</td></tr><tr class="passedeven"><td><a href="#m79">testSetUsername</a></td><td rowspan="1">1682408415340</td><td rowspan="1">14</td></tr></tbody>
<tbody id="t5"><tr><th colspan="4">model.InterestDetailTest &#8212; passed</th></tr><tr class="passedeven"><td rowspan="12">model.InterestDetailTest</td><td><a href="#m80">testGetAdmin</a></td><td rowspan="1">1682408415533</td><td rowspan="1">1</td></tr><tr class="passedeven"><td><a href="#m81">testGetId</a></td><td rowspan="1">1682408415533</td><td rowspan="1">1</td></tr><tr class="passedeven"><td><a href="#m82">testGetRate</a></td><td rowspan="1">1682408415534</td><td rowspan="1">1</td></tr><tr class="passedeven"><td><a href="#m83">testGetStatus</a></td><td rowspan="1">1682408415534</td><td rowspan="1">1</td></tr><tr class="passedeven"><td><a href="#m84">testGetTenor</a></td><td rowspan="1">1682408415533</td><td rowspan="1">1</td></tr><tr class="passedeven"><td><a href="#m85">testIsLoanType</a></td><td rowspan="1">1682408415534</td><td rowspan="1">1</td></tr><tr class="passedeven"><td><a href="#m86">testSetAdmin</a></td><td rowspan="1">1682408415534</td><td rowspan="1">1</td></tr><tr class="passedeven"><td><a href="#m87">testSetId</a></td><td rowspan="1">1682408415533</td><td rowspan="1">1</td></tr><tr class="passedeven"><td><a href="#m88">testSetLoanType</a></td><td rowspan="1">1682408415534</td><td rowspan="1">1</td></tr><tr class="passedeven"><td><a href="#m89">testSetRate</a></td><td rowspan="1">1682408415534</td><td rowspan="1">1</td></tr><tr class="passedeven"><td><a href="#m90">testSetStatus</a></td><td rowspan="1">1682408415534</td><td rowspan="1">1</td></tr><tr class="passedeven"><td><a href="#m91">testSetTenor</a></td><td rowspan="1">1682408415534</td><td rowspan="1">1</td></tr></tbody>
<tbody id="t6"><tr><th colspan="4">model.LoanTest &#8212; passed</th></tr><tr class="passedeven"><td rowspan="12">model.LoanTest</td><td><a href="#m92">testGetAmount</a></td><td rowspan="1">1682408415541</td><td rowspan="1">24</td></tr><tr class="passedeven"><td><a href="#m93">testGetBankAccount</a></td><td rowspan="1">1682408415541</td><td rowspan="1">25</td></tr><tr class="passedeven"><td><a href="#m94">testGetBegin_date</a></td><td rowspan="1">1682408415541</td><td rowspan="1">23</td></tr><tr class="passedeven"><td><a href="#m95">testGetId</a></td><td rowspan="1">1682408415541</td><td rowspan="1">24</td></tr><tr class="passedeven"><td><a href="#m96">testGetInterestDetail</a></td><td rowspan="1">1682408415541</td><td rowspan="1">24</td></tr><tr class="passedeven"><td><a href="#m97">testIsStatus</a></td><td rowspan="1">1682408415541</td><td rowspan="1">24</td></tr><tr class="passedeven"><td><a href="#m98">testSetAmount</a></td><td rowspan="1">1682408415541</td><td rowspan="1">24</td></tr><tr class="passedeven"><td><a href="#m99">testSetBankAccount</a></td><td rowspan="1">1682408415541</td><td rowspan="1">24</td></tr><tr class="passedeven"><td><a href="#m100">testSetBegin_date</a></td><td rowspan="1">1682408415541</td><td rowspan="1">24</td></tr><tr class="passedeven"><td><a href="#m101">testSetId</a></td><td rowspan="1">1682408415541</td><td rowspan="1">24</td></tr><tr class="passedeven"><td><a href="#m102">testSetInterestDetail</a></td><td rowspan="1">1682408415541</td><td rowspan="1">24</td></tr><tr class="passedeven"><td><a href="#m103">testSetStatus</a></td><td rowspan="1">1682408415541</td><td rowspan="1">25</td></tr></tbody>
<tbody id="t7"><tr><th colspan="4">model.PaymentTest &#8212; failed</th></tr><tr class="failedeven"><td rowspan="8">model.PaymentTest</td><td><a href="#m104">testGetAmount_per_month</a></td><td rowspan="1">1682408415573</td><td rowspan="1">106</td></tr><tr class="failedeven"><td><a href="#m105">testGetId</a></td><td rowspan="1">1682408415573</td><td rowspan="1">1</td></tr><tr class="failedeven"><td><a href="#m106">testGetLoan</a></td><td rowspan="1">1682408415573</td><td rowspan="1">8</td></tr><tr class="failedeven"><td><a href="#m107">testSetAmount_per_month</a></td><td rowspan="1">1682408415573</td><td rowspan="1">45</td></tr><tr class="failedeven"><td><a href="#m108">testSetFine</a></td><td rowspan="1">1682408415573</td><td rowspan="1">46</td></tr><tr class="failedeven"><td><a href="#m109">testSetId</a></td><td rowspan="1">1682408415573</td><td rowspan="1">7</td></tr><tr class="failedeven"><td><a href="#m110">testSetLoan</a></td><td rowspan="1">1682408415573</td><td rowspan="1">104</td></tr><tr class="failedeven"><td><a href="#m111">testSetPayment_date</a></td><td rowspan="1">1682408415573</td><td rowspan="1">159</td></tr><tr><th colspan="4">model.PaymentTest &#8212; passed</th></tr><tr class="passedeven"><td rowspan="10">model.PaymentTest</td><td><a href="#m112">testGetFine</a></td><td rowspan="1">1682408415573</td><td rowspan="1">8</td></tr><tr class="passedeven"><td><a href="#m113">testGetInterest_per_month</a></td><td rowspan="1">1682408415573</td><td rowspan="1">106</td></tr><tr class="passedeven"><td><a href="#m114">testGetPay_date</a></td><td rowspan="1">1682408415573</td><td rowspan="1">1</td></tr><tr class="passedeven"><td><a href="#m115">testGetPayment_amount</a></td><td rowspan="1">1682408415573</td><td rowspan="1">45</td></tr><tr class="passedeven"><td><a href="#m116">testGetPayment_date</a></td><td rowspan="1">1682408415573</td><td rowspan="1">46</td></tr><tr class="passedeven"><td><a href="#m117">testIsStatus</a></td><td rowspan="1">1682408415573</td><td rowspan="1">46</td></tr><tr class="passedeven"><td><a href="#m118">testSetInterest_per_month</a></td><td rowspan="1">1682408415573</td><td rowspan="1">45</td></tr><tr class="passedeven"><td><a href="#m119">testSetPay_date</a></td><td rowspan="1">1682408415573</td><td rowspan="1">1</td></tr><tr class="passedeven"><td><a href="#m120">testSetPayment_amount</a></td><td rowspan="1">1682408415573</td><td rowspan="1">8</td></tr><tr class="passedeven"><td><a href="#m121">testSetStatus</a></td><td rowspan="1">1682408415573</td><td rowspan="1">46</td></tr></tbody>
</table>
<h2>DAO.DAOTest</h2><h3 id="m0">DAO.DAOTest#testAddBankAccount</h3><table class="result"><tr><th class="invisible"/></tr></table><p class="totop"><a href="#summary">back to summary</a></p>
<h3 id="m1">DAO.DAOTest#testAddBankAccount2</h3><table class="result"><tr><th class="invisible"/></tr></table><p class="totop"><a href="#summary">back to summary</a></p>
<h3 id="m2">DAO.DAOTest#testAddCustomer</h3><table class="result"><tr><th class="invisible"/></tr></table><p class="totop"><a href="#summary">back to summary</a></p>
<h3 id="m3">DAO.DAOTest#testAddCustomer2</h3><table class="result"><tr><th class="invisible"/></tr></table><p class="totop"><a href="#summary">back to summary</a></p>
<h3 id="m4">DAO.DAOTest#testAddInterest</h3><table class="result"><tr><th class="invisible"/></tr></table><p class="totop"><a href="#summary">back to summary</a></p>
<h3 id="m5">DAO.DAOTest#testAddLoan</h3><table class="result"><tr><th class="invisible"/></tr></table><p class="totop"><a href="#summary">back to summary</a></p>
<h3 id="m6">DAO.DAOTest#testAddPayments</h3><table class="result"><tr><th class="invisible"/></tr></table><p class="totop"><a href="#summary">back to summary</a></p>
<h3 id="m7">DAO.DAOTest#testCheckID_Card</h3><table class="result"><tr><th class="invisible"/></tr></table><p class="totop"><a href="#summary">back to summary</a></p>
<h3 id="m8">DAO.DAOTest#testCheckID_Card2</h3><table class="result"><tr><th class="invisible"/></tr></table><p class="totop"><a href="#summary">back to summary</a></p>
<h3 id="m9">DAO.DAOTest#testGetAdminByID</h3><table class="result"><tr><th class="invisible"/></tr></table><p class="totop"><a href="#summary">back to summary</a></p>
<h3 id="m10">DAO.DAOTest#testGetAdminByID2</h3><table class="result"><tr><th class="invisible"/></tr></table><p class="totop"><a href="#summary">back to summary</a></p>
<h3 id="m11">DAO.DAOTest#testGetBankAccountByCustomer</h3><table class="result"><tr><th class="invisible"/></tr></table><p class="totop"><a href="#summary">back to summary</a></p>
<h3 id="m12">DAO.DAOTest#testGetBankAccountByCustomer2</h3><table class="result"><tr><th class="invisible"/></tr></table><p class="totop"><a href="#summary">back to summary</a></p>
<h3 id="m13">DAO.DAOTest#testGetBankAccountByID</h3><table class="result"><tr><th class="invisible"/></tr></table><p class="totop"><a href="#summary">back to summary</a></p>
<h3 id="m14">DAO.DAOTest#testGetBankAccountByID2</h3><table class="result"><tr><th class="invisible"/></tr></table><p class="totop"><a href="#summary">back to summary</a></p>
<h3 id="m15">DAO.DAOTest#testGetBankAccountByNumber</h3><table class="result"><tr><th class="invisible"/></tr></table><p class="totop"><a href="#summary">back to summary</a></p>
<h3 id="m16">DAO.DAOTest#testGetBankAccountByNumber2</h3><table class="result"><tr><th class="invisible"/></tr></table><p class="totop"><a href="#summary">back to summary</a></p>
<h3 id="m17">DAO.DAOTest#testGetCustomer</h3><table class="result"><tr><th class="invisible"/></tr></table><p class="totop"><a href="#summary">back to summary</a></p>
<h3 id="m18">DAO.DAOTest#testGetCustomer2</h3><table class="result"><tr><th class="invisible"/></tr></table><p class="totop"><a href="#summary">back to summary</a></p>
<h3 id="m19">DAO.DAOTest#testGetCustomerByID</h3><table class="result"><tr><th class="invisible"/></tr></table><p class="totop"><a href="#summary">back to summary</a></p>
<h3 id="m20">DAO.DAOTest#testGetCustomerByID2</h3><table class="result"><tr><th class="invisible"/></tr></table><p class="totop"><a href="#summary">back to summary</a></p>
<h3 id="m21">DAO.DAOTest#testGetCustomerByUsername</h3><table class="result"><tr><th class="invisible"/></tr></table><p class="totop"><a href="#summary">back to summary</a></p>
<h3 id="m22">DAO.DAOTest#testGetCustomerByUsername2</h3><table class="result"><tr><th class="invisible"/></tr></table><p class="totop"><a href="#summary">back to summary</a></p>
<h3 id="m23">DAO.DAOTest#testGetInterestDetailAvailableByLoanTypeAndTenor</h3><table class="result"><tr><th class="invisible"/></tr></table><p class="totop"><a href="#summary">back to summary</a></p>
<h3 id="m24">DAO.DAOTest#testGetInterestDetailAvailableByLoanTypeAndTenor2</h3><table class="result"><tr><th class="invisible"/></tr></table><p class="totop"><a href="#summary">back to summary</a></p>
<h3 id="m25">DAO.DAOTest#testGetInterestDetailByID</h3><table class="result"><tr><th class="invisible"/></tr></table><p class="totop"><a href="#summary">back to summary</a></p>
<h3 id="m26">DAO.DAOTest#testGetInterestDetailByID2</h3><table class="result"><tr><th class="invisible"/></tr></table><p class="totop"><a href="#summary">back to summary</a></p>
<h3 id="m27">DAO.DAOTest#testGetLoanByBankAccountID</h3><table class="result"><tr><th class="invisible"/></tr></table><p class="totop"><a href="#summary">back to summary</a></p>
<h3 id="m28">DAO.DAOTest#testGetLoanByID</h3><table class="result"><tr><th class="invisible"/></tr></table><p class="totop"><a href="#summary">back to summary</a></p>
<h3 id="m29">DAO.DAOTest#testGetLoanByID2</h3><table class="result"><tr><th class="invisible"/></tr></table><p class="totop"><a href="#summary">back to summary</a></p>
<h3 id="m30">DAO.DAOTest#testGetPaymentById</h3><table class="result"><tr><th class="invisible"/></tr></table><p class="totop"><a href="#summary">back to summary</a></p>
<h3 id="m31">DAO.DAOTest#testGetPaymentById2</h3><table class="result"><tr><th class="invisible"/></tr></table><p class="totop"><a href="#summary">back to summary</a></p>
<h3 id="m32">DAO.DAOTest#testGetPaymentByLoanID</h3><table class="result"><tr><th class="invisible"/></tr></table><p class="totop"><a href="#summary">back to summary</a></p>
<h3 id="m33">DAO.DAOTest#testUpdateBankAccount</h3><table class="result"><tr><th class="invisible"/></tr></table><p class="totop"><a href="#summary">back to summary</a></p>
<h3 id="m34">DAO.DAOTest#testUpdateBankAccount2</h3><table class="result"><tr><th class="invisible"/></tr></table><p class="totop"><a href="#summary">back to summary</a></p>
<h3 id="m35">DAO.DAOTest#testUpdateLoan</h3><table class="result"><tr><th class="invisible"/></tr></table><p class="totop"><a href="#summary">back to summary</a></p>
<h3 id="m36">DAO.DAOTest#testUpdatePayment</h3><table class="result"><tr><th class="invisible"/></tr></table><p class="totop"><a href="#summary">back to summary</a></p>
<h3 id="m37">DAO.DAOTest#testUpdatePaymentFineById</h3><table class="result"><tr><th class="invisible"/></tr></table><p class="totop"><a href="#summary">back to summary</a></p>
<h2>DAO.DatabaseConnectionTest</h2><h3 id="m38">DAO.DatabaseConnectionTest#testGetDatabaseConnection</h3><table class="result"><tr><th class="invisible"/></tr></table><p class="totop"><a href="#summary">back to summary</a></p>
<h2>model.AdminTest</h2><h3 id="m39">model.AdminTest#testGetId</h3><table class="result"><tr><th class="invisible"/></tr></table><p class="totop"><a href="#summary">back to summary</a></p>
<h3 id="m40">model.AdminTest#testGetPassword</h3><table class="result"><tr><th class="invisible"/></tr></table><p class="totop"><a href="#summary">back to summary</a></p>
<h3 id="m41">model.AdminTest#testGetUsername</h3><table class="result"><tr><th class="invisible"/></tr></table><p class="totop"><a href="#summary">back to summary</a></p>
<h3 id="m42">model.AdminTest#testSetId</h3><table class="result"><tr><th class="invisible"/></tr></table><p class="totop"><a href="#summary">back to summary</a></p>
<h3 id="m43">model.AdminTest#testSetPassword</h3><table class="result"><tr><th class="invisible"/></tr></table><p class="totop"><a href="#summary">back to summary</a></p>
<h3 id="m44">model.AdminTest#testSetUsername</h3><table class="result"><tr><th class="invisible"/></tr></table><p class="totop"><a href="#summary">back to summary</a></p>
<h2>model.BankAccountTest</h2><h3 id="m45">model.BankAccountTest#testGetBalance</h3><table class="result"><tr><th class="invisible"/></tr></table><p class="totop"><a href="#summary">back to summary</a></p>
<h3 id="m46">model.BankAccountTest#testGetCustomer</h3><table class="result"><tr><th class="invisible"/></tr></table><p class="totop"><a href="#summary">back to summary</a></p>
<h3 id="m47">model.BankAccountTest#testGetId</h3><table class="result"><tr><th class="invisible"/></tr></table><p class="totop"><a href="#summary">back to summary</a></p>
<h3 id="m48">model.BankAccountTest#testGetNumber</h3><table class="result"><tr><th class="invisible"/></tr></table><p class="totop"><a href="#summary">back to summary</a></p>
<h3 id="m49">model.BankAccountTest#testSetBalance</h3><table class="result"><tr><th class="invisible"/></tr></table><p class="totop"><a href="#summary">back to summary</a></p>
<h3 id="m50">model.BankAccountTest#testSetCustomer</h3><table class="result"><tr><th class="invisible"/></tr></table><p class="totop"><a href="#summary">back to summary</a></p>
<h3 id="m51">model.BankAccountTest#testSetId</h3><table class="result"><tr><th class="invisible"/></tr></table><p class="totop"><a href="#summary">back to summary</a></p>
<h3 id="m52">model.BankAccountTest#testSetNumber</h3><table class="result"><tr><th class="invisible"/></tr></table><p class="totop"><a href="#summary">back to summary</a></p>
<h2>model.CustomerTest</h2><h3 id="m53">model.CustomerTest#testGetAddress2</h3><table class="result"><tr><th>Exception</th></tr><tr><td><div class="stacktrace">java.lang.AssertionError: expected:&lt;&gt; but was:&lt;null&gt;
	at org.junit.Assert.fail(Assert.java:89)
	at org.junit.Assert.failNotEquals(Assert.java:835)
	at org.junit.Assert.assertEquals(Assert.java:120)
	at org.junit.Assert.assertEquals(Assert.java:146)
	at model.CustomerTest.testGetAddress2(CustomerTest.java:160)
	at org.junit.runners.model.FrameworkMethod$1.runReflectiveCall(FrameworkMethod.java:59)
	at org.junit.internal.runners.model.ReflectiveCallable.run(ReflectiveCallable.java:12)
	at org.junit.runners.model.FrameworkMethod.invokeExplosively(FrameworkMethod.java:56)
	at org.junit.internal.runners.statements.InvokeMethod.evaluate(InvokeMethod.java:17)
	at org.junit.internal.runners.statements.RunBefores.evaluate(RunBefores.java:26)
	at org.junit.internal.runners.statements.RunAfters.evaluate(RunAfters.java:27)
	at org.junit.runners.ParentRunner$3.evaluate(ParentRunner.java:306)
	at org.junit.runners.BlockJUnit4ClassRunner$1.evaluate(BlockJUnit4ClassRunner.java:100)
	at org.junit.runners.ParentRunner.runLeaf(ParentRunner.java:366)
	at org.junit.runners.BlockJUnit4ClassRunner.runChild(BlockJUnit4ClassRunner.java:103)
	at org.junit.runners.BlockJUnit4ClassRunner.runChild(BlockJUnit4ClassRunner.java:63)
	at org.junit.runners.ParentRunner$4.run(ParentRunner.java:331)
	at org.junit.runners.ParentRunner$1.schedule(ParentRunner.java:79)
	at org.junit.runners.ParentRunner.runChildren(ParentRunner.java:329)
	at org.junit.runners.ParentRunner.access$100(ParentRunner.java:66)
	at org.junit.runners.ParentRunner$2.evaluate(ParentRunner.java:293)
	at org.junit.internal.runners.statements.RunBefores.evaluate(RunBefores.java:26)
	at org.junit.internal.runners.statements.RunAfters.evaluate(RunAfters.java:27)
	at org.junit.runners.ParentRunner$3.evaluate(ParentRunner.java:306)
	at org.junit.runners.ParentRunner.run(ParentRunner.java:413)
	at org.junit.runner.JUnitCore.run(JUnitCore.java:137)
	at org.junit.runner.JUnitCore.run(JUnitCore.java:115)
... Removed 22 stack frames</div></td></tr></table><p class="totop"><a href="#summary">back to summary</a></p>
<h3 id="m54">model.CustomerTest#testGetId2</h3><table class="result"><tr><th>Exception</th></tr><tr><td><div class="stacktrace">java.lang.AssertionError: expected:&lt;-1&gt; but was:&lt;0&gt;
	at org.junit.Assert.fail(Assert.java:89)
	at org.junit.Assert.failNotEquals(Assert.java:835)
	at org.junit.Assert.assertEquals(Assert.java:647)
	at org.junit.Assert.assertEquals(Assert.java:633)
	at model.CustomerTest.testGetId2(CustomerTest.java:59)
	at org.junit.runners.model.FrameworkMethod$1.runReflectiveCall(FrameworkMethod.java:59)
	at org.junit.internal.runners.model.ReflectiveCallable.run(ReflectiveCallable.java:12)
	at org.junit.runners.model.FrameworkMethod.invokeExplosively(FrameworkMethod.java:56)
	at org.junit.internal.runners.statements.InvokeMethod.evaluate(InvokeMethod.java:17)
	at org.junit.internal.runners.statements.RunBefores.evaluate(RunBefores.java:26)
	at org.junit.internal.runners.statements.RunAfters.evaluate(RunAfters.java:27)
	at org.junit.runners.ParentRunner$3.evaluate(ParentRunner.java:306)
	at org.junit.runners.BlockJUnit4ClassRunner$1.evaluate(BlockJUnit4ClassRunner.java:100)
	at org.junit.runners.ParentRunner.runLeaf(ParentRunner.java:366)
	at org.junit.runners.BlockJUnit4ClassRunner.runChild(BlockJUnit4ClassRunner.java:103)
	at org.junit.runners.BlockJUnit4ClassRunner.runChild(BlockJUnit4ClassRunner.java:63)
	at org.junit.runners.ParentRunner$4.run(ParentRunner.java:331)
	at org.junit.runners.ParentRunner$1.schedule(ParentRunner.java:79)
	at org.junit.runners.ParentRunner.runChildren(ParentRunner.java:329)
	at org.junit.runners.ParentRunner.access$100(ParentRunner.java:66)
	at org.junit.runners.ParentRunner$2.evaluate(ParentRunner.java:293)
	at org.junit.internal.runners.statements.RunBefores.evaluate(RunBefores.java:26)
	at org.junit.internal.runners.statements.RunAfters.evaluate(RunAfters.java:27)
	at org.junit.runners.ParentRunner$3.evaluate(ParentRunner.java:306)
	at org.junit.runners.ParentRunner.run(ParentRunner.java:413)
	at org.junit.runner.JUnitCore.run(JUnitCore.java:137)
	at org.junit.runner.JUnitCore.run(JUnitCore.java:115)
... Removed 22 stack frames</div></td></tr></table><p class="totop"><a href="#summary">back to summary</a></p>
<h3 id="m55">model.CustomerTest#testGetName2</h3><table class="result"><tr><th>Exception</th></tr><tr><td><div class="stacktrace">java.lang.AssertionError: expected:&lt;&gt; but was:&lt;null&gt;
	at org.junit.Assert.fail(Assert.java:89)
	at org.junit.Assert.failNotEquals(Assert.java:835)
	at org.junit.Assert.assertEquals(Assert.java:120)
	at org.junit.Assert.assertEquals(Assert.java:146)
	at model.CustomerTest.testGetName2(CustomerTest.java:114)
	at org.junit.runners.model.FrameworkMethod$1.runReflectiveCall(FrameworkMethod.java:59)
	at org.junit.internal.runners.model.ReflectiveCallable.run(ReflectiveCallable.java:12)
	at org.junit.runners.model.FrameworkMethod.invokeExplosively(FrameworkMethod.java:56)
	at org.junit.internal.runners.statements.InvokeMethod.evaluate(InvokeMethod.java:17)
	at org.junit.internal.runners.statements.RunBefores.evaluate(RunBefores.java:26)
	at org.junit.internal.runners.statements.RunAfters.evaluate(RunAfters.java:27)
	at org.junit.runners.ParentRunner$3.evaluate(ParentRunner.java:306)
	at org.junit.runners.BlockJUnit4ClassRunner$1.evaluate(BlockJUnit4ClassRunner.java:100)
	at org.junit.runners.ParentRunner.runLeaf(ParentRunner.java:366)
	at org.junit.runners.BlockJUnit4ClassRunner.runChild(BlockJUnit4ClassRunner.java:103)
	at org.junit.runners.BlockJUnit4ClassRunner.runChild(BlockJUnit4ClassRunner.java:63)
	at org.junit.runners.ParentRunner$4.run(ParentRunner.java:331)
	at org.junit.runners.ParentRunner$1.schedule(ParentRunner.java:79)
	at org.junit.runners.ParentRunner.runChildren(ParentRunner.java:329)
	at org.junit.runners.ParentRunner.access$100(ParentRunner.java:66)
	at org.junit.runners.ParentRunner$2.evaluate(ParentRunner.java:293)
	at org.junit.internal.runners.statements.RunBefores.evaluate(RunBefores.java:26)
	at org.junit.internal.runners.statements.RunAfters.evaluate(RunAfters.java:27)
	at org.junit.runners.ParentRunner$3.evaluate(ParentRunner.java:306)
	at org.junit.runners.ParentRunner.run(ParentRunner.java:413)
	at org.junit.runner.JUnitCore.run(JUnitCore.java:137)
	at org.junit.runner.JUnitCore.run(JUnitCore.java:115)
... Removed 22 stack frames</div></td></tr></table><p class="totop"><a href="#summary">back to summary</a></p>
<h3 id="m56">model.CustomerTest#testSetDob</h3><table class="result"><tr><th>Exception</th></tr><tr><td><div class="stacktrace">org.junit.ComparisonFailure: expected:&lt;[28/09/2001]&gt; but was:&lt;[]&gt;
	at org.junit.Assert.assertEquals(Assert.java:117)
	at org.junit.Assert.assertEquals(Assert.java:146)
	at model.CustomerTest.testSetDob(CustomerTest.java:343)
	at org.junit.runners.model.FrameworkMethod$1.runReflectiveCall(FrameworkMethod.java:59)
	at org.junit.internal.runners.model.ReflectiveCallable.run(ReflectiveCallable.java:12)
	at org.junit.runners.model.FrameworkMethod.invokeExplosively(FrameworkMethod.java:56)
	at org.junit.internal.runners.statements.InvokeMethod.evaluate(InvokeMethod.java:17)
	at org.junit.internal.runners.statements.RunBefores.evaluate(RunBefores.java:26)
	at org.junit.internal.runners.statements.RunAfters.evaluate(RunAfters.java:27)
	at org.junit.runners.ParentRunner$3.evaluate(ParentRunner.java:306)
	at org.junit.runners.BlockJUnit4ClassRunner$1.evaluate(BlockJUnit4ClassRunner.java:100)
	at org.junit.runners.ParentRunner.runLeaf(ParentRunner.java:366)
	at org.junit.runners.BlockJUnit4ClassRunner.runChild(BlockJUnit4ClassRunner.java:103)
	at org.junit.runners.BlockJUnit4ClassRunner.runChild(BlockJUnit4ClassRunner.java:63)
	at org.junit.runners.ParentRunner$4.run(ParentRunner.java:331)
	at org.junit.runners.ParentRunner$1.schedule(ParentRunner.java:79)
	at org.junit.runners.ParentRunner.runChildren(ParentRunner.java:329)
	at org.junit.runners.ParentRunner.access$100(ParentRunner.java:66)
	at org.junit.runners.ParentRunner$2.evaluate(ParentRunner.java:293)
	at org.junit.internal.runners.statements.RunBefores.evaluate(RunBefores.java:26)
	at org.junit.internal.runners.statements.RunAfters.evaluate(RunAfters.java:27)
	at org.junit.runners.ParentRunner$3.evaluate(ParentRunner.java:306)
	at org.junit.runners.ParentRunner.run(ParentRunner.java:413)
	at org.junit.runner.JUnitCore.run(JUnitCore.java:137)
	at org.junit.runner.JUnitCore.run(JUnitCore.java:115)
... Removed 22 stack frames</div></td></tr></table><p class="totop"><a href="#summary">back to summary</a></p>
<h3 id="m57">model.CustomerTest#testSetId2</h3><table class="result"><tr><th>Exception</th></tr><tr><td><div class="stacktrace">java.lang.AssertionError: Expected exception: java.lang.Exception
	at org.junit.internal.runners.statements.ExpectException.evaluate(ExpectException.java:34)
	at org.junit.internal.runners.statements.RunBefores.evaluate(RunBefores.java:26)
	at org.junit.internal.runners.statements.RunAfters.evaluate(RunAfters.java:27)
	at org.junit.runners.ParentRunner$3.evaluate(ParentRunner.java:306)
	at org.junit.runners.BlockJUnit4ClassRunner$1.evaluate(BlockJUnit4ClassRunner.java:100)
	at org.junit.runners.ParentRunner.runLeaf(ParentRunner.java:366)
	at org.junit.runners.BlockJUnit4ClassRunner.runChild(BlockJUnit4ClassRunner.java:103)
	at org.junit.runners.BlockJUnit4ClassRunner.runChild(BlockJUnit4ClassRunner.java:63)
	at org.junit.runners.ParentRunner$4.run(ParentRunner.java:331)
	at org.junit.runners.ParentRunner$1.schedule(ParentRunner.java:79)
	at org.junit.runners.ParentRunner.runChildren(ParentRunner.java:329)
	at org.junit.runners.ParentRunner.access$100(ParentRunner.java:66)
	at org.junit.runners.ParentRunner$2.evaluate(ParentRunner.java:293)
	at org.junit.internal.runners.statements.RunBefores.evaluate(RunBefores.java:26)
	at org.junit.internal.runners.statements.RunAfters.evaluate(RunAfters.java:27)
	at org.junit.runners.ParentRunner$3.evaluate(ParentRunner.java:306)
	at org.junit.runners.ParentRunner.run(ParentRunner.java:413)
	at org.junit.runner.JUnitCore.run(JUnitCore.java:137)
	at org.junit.runner.JUnitCore.run(JUnitCore.java:115)
... Removed 18 stack frames</div></td></tr></table><p class="totop"><a href="#summary">back to summary</a></p>
<h3 id="m58">model.CustomerTest#testSetId3</h3><table class="result"><tr><th>Exception</th></tr><tr><td><div class="stacktrace">java.lang.AssertionError: Expected exception: java.lang.Exception
	at org.junit.internal.runners.statements.ExpectException.evaluate(ExpectException.java:34)
	at org.junit.internal.runners.statements.RunBefores.evaluate(RunBefores.java:26)
	at org.junit.internal.runners.statements.RunAfters.evaluate(RunAfters.java:27)
	at org.junit.runners.ParentRunner$3.evaluate(ParentRunner.java:306)
	at org.junit.runners.BlockJUnit4ClassRunner$1.evaluate(BlockJUnit4ClassRunner.java:100)
	at org.junit.runners.ParentRunner.runLeaf(ParentRunner.java:366)
	at org.junit.runners.BlockJUnit4ClassRunner.runChild(BlockJUnit4ClassRunner.java:103)
	at org.junit.runners.BlockJUnit4ClassRunner.runChild(BlockJUnit4ClassRunner.java:63)
	at org.junit.runners.ParentRunner$4.run(ParentRunner.java:331)
	at org.junit.runners.ParentRunner$1.schedule(ParentRunner.java:79)
	at org.junit.runners.ParentRunner.runChildren(ParentRunner.java:329)
	at org.junit.runners.ParentRunner.access$100(ParentRunner.java:66)
	at org.junit.runners.ParentRunner$2.evaluate(ParentRunner.java:293)
	at org.junit.internal.runners.statements.RunBefores.evaluate(RunBefores.java:26)
	at org.junit.internal.runners.statements.RunAfters.evaluate(RunAfters.java:27)
	at org.junit.runners.ParentRunner$3.evaluate(ParentRunner.java:306)
	at org.junit.runners.ParentRunner.run(ParentRunner.java:413)
	at org.junit.runner.JUnitCore.run(JUnitCore.java:137)
	at org.junit.runner.JUnitCore.run(JUnitCore.java:115)
... Removed 18 stack frames</div></td></tr></table><p class="totop"><a href="#summary">back to summary</a></p>
<h3 id="m59">model.CustomerTest#testGetAddress1</h3><table class="result"><tr><th class="invisible"/></tr></table><p class="totop"><a href="#summary">back to summary</a></p>
<h3 id="m60">model.CustomerTest#testGetCard_id</h3><table class="result"><tr><th class="invisible"/></tr></table><p class="totop"><a href="#summary">back to summary</a></p>
<h3 id="m61">model.CustomerTest#testGetDob</h3><table class="result"><tr><th class="invisible"/></tr></table><p class="totop"><a href="#summary">back to summary</a></p>
<h3 id="m62">model.CustomerTest#testGetEmail</h3><table class="result"><tr><th class="invisible"/></tr></table><p class="totop"><a href="#summary">back to summary</a></p>
<h3 id="m63">model.CustomerTest#testGetId1</h3><table class="result"><tr><th class="invisible"/></tr></table><p class="totop"><a href="#summary">back to summary</a></p>
<h3 id="m64">model.CustomerTest#testGetName1</h3><table class="result"><tr><th class="invisible"/></tr></table><p class="totop"><a href="#summary">back to summary</a></p>
<h3 id="m65">model.CustomerTest#testGetPassword</h3><table class="result"><tr><th class="invisible"/></tr></table><p class="totop"><a href="#summary">back to summary</a></p>
<h3 id="m66">model.CustomerTest#testGetPhonenumber</h3><table class="result"><tr><th class="invisible"/></tr></table><p class="totop"><a href="#summary">back to summary</a></p>
<h3 id="m67">model.CustomerTest#testGetUsername</h3><table class="result"><tr><th class="invisible"/></tr></table><p class="totop"><a href="#summary">back to summary</a></p>
<h3 id="m68">model.CustomerTest#testIsGender</h3><table class="result"><tr><th class="invisible"/></tr></table><p class="totop"><a href="#summary">back to summary</a></p>
<h3 id="m69">model.CustomerTest#testSetAddress1</h3><table class="result"><tr><th class="invisible"/></tr></table><p class="totop"><a href="#summary">back to summary</a></p>
<h3 id="m70">model.CustomerTest#testSetAddress2</h3><table class="result"><tr><th class="invisible"/></tr></table><p class="totop"><a href="#summary">back to summary</a></p>
<h3 id="m71">model.CustomerTest#testSetCard_id</h3><table class="result"><tr><th class="invisible"/></tr></table><p class="totop"><a href="#summary">back to summary</a></p>
<h3 id="m72">model.CustomerTest#testSetEmail</h3><table class="result"><tr><th class="invisible"/></tr></table><p class="totop"><a href="#summary">back to summary</a></p>
<h3 id="m73">model.CustomerTest#testSetGender</h3><table class="result"><tr><th class="invisible"/></tr></table><p class="totop"><a href="#summary">back to summary</a></p>
<h3 id="m74">model.CustomerTest#testSetId1</h3><table class="result"><tr><th class="invisible"/></tr></table><p class="totop"><a href="#summary">back to summary</a></p>
<h3 id="m75">model.CustomerTest#testSetName1</h3><table class="result"><tr><th class="invisible"/></tr></table><p class="totop"><a href="#summary">back to summary</a></p>
<h3 id="m76">model.CustomerTest#testSetName2</h3><table class="result"><tr><th class="invisible"/></tr></table><p class="totop"><a href="#summary">back to summary</a></p>
<h3 id="m77">model.CustomerTest#testSetPassword</h3><table class="result"><tr><th class="invisible"/></tr></table><p class="totop"><a href="#summary">back to summary</a></p>
<h3 id="m78">model.CustomerTest#testSetPhonenumber</h3><table class="result"><tr><th class="invisible"/></tr></table><p class="totop"><a href="#summary">back to summary</a></p>
<h3 id="m79">model.CustomerTest#testSetUsername</h3><table class="result"><tr><th class="invisible"/></tr></table><p class="totop"><a href="#summary">back to summary</a></p>
<h2>model.InterestDetailTest</h2><h3 id="m80">model.InterestDetailTest#testGetAdmin</h3><table class="result"><tr><th class="invisible"/></tr></table><p class="totop"><a href="#summary">back to summary</a></p>
<h3 id="m81">model.InterestDetailTest#testGetId</h3><table class="result"><tr><th class="invisible"/></tr></table><p class="totop"><a href="#summary">back to summary</a></p>
<h3 id="m82">model.InterestDetailTest#testGetRate</h3><table class="result"><tr><th class="invisible"/></tr></table><p class="totop"><a href="#summary">back to summary</a></p>
<h3 id="m83">model.InterestDetailTest#testGetStatus</h3><table class="result"><tr><th class="invisible"/></tr></table><p class="totop"><a href="#summary">back to summary</a></p>
<h3 id="m84">model.InterestDetailTest#testGetTenor</h3><table class="result"><tr><th class="invisible"/></tr></table><p class="totop"><a href="#summary">back to summary</a></p>
<h3 id="m85">model.InterestDetailTest#testIsLoanType</h3><table class="result"><tr><th class="invisible"/></tr></table><p class="totop"><a href="#summary">back to summary</a></p>
<h3 id="m86">model.InterestDetailTest#testSetAdmin</h3><table class="result"><tr><th class="invisible"/></tr></table><p class="totop"><a href="#summary">back to summary</a></p>
<h3 id="m87">model.InterestDetailTest#testSetId</h3><table class="result"><tr><th class="invisible"/></tr></table><p class="totop"><a href="#summary">back to summary</a></p>
<h3 id="m88">model.InterestDetailTest#testSetLoanType</h3><table class="result"><tr><th class="invisible"/></tr></table><p class="totop"><a href="#summary">back to summary</a></p>
<h3 id="m89">model.InterestDetailTest#testSetRate</h3><table class="result"><tr><th class="invisible"/></tr></table><p class="totop"><a href="#summary">back to summary</a></p>
<h3 id="m90">model.InterestDetailTest#testSetStatus</h3><table class="result"><tr><th class="invisible"/></tr></table><p class="totop"><a href="#summary">back to summary</a></p>
<h3 id="m91">model.InterestDetailTest#testSetTenor</h3><table class="result"><tr><th class="invisible"/></tr></table><p class="totop"><a href="#summary">back to summary</a></p>
<h2>model.LoanTest</h2><h3 id="m92">model.LoanTest#testGetAmount</h3><table class="result"><tr><th class="invisible"/></tr></table><p class="totop"><a href="#summary">back to summary</a></p>
<h3 id="m93">model.LoanTest#testGetBankAccount</h3><table class="result"><tr><th class="invisible"/></tr></table><p class="totop"><a href="#summary">back to summary</a></p>
<h3 id="m94">model.LoanTest#testGetBegin_date</h3><table class="result"><tr><th class="invisible"/></tr></table><p class="totop"><a href="#summary">back to summary</a></p>
<h3 id="m95">model.LoanTest#testGetId</h3><table class="result"><tr><th class="invisible"/></tr></table><p class="totop"><a href="#summary">back to summary</a></p>
<h3 id="m96">model.LoanTest#testGetInterestDetail</h3><table class="result"><tr><th class="invisible"/></tr></table><p class="totop"><a href="#summary">back to summary</a></p>
<h3 id="m97">model.LoanTest#testIsStatus</h3><table class="result"><tr><th class="invisible"/></tr></table><p class="totop"><a href="#summary">back to summary</a></p>
<h3 id="m98">model.LoanTest#testSetAmount</h3><table class="result"><tr><th class="invisible"/></tr></table><p class="totop"><a href="#summary">back to summary</a></p>
<h3 id="m99">model.LoanTest#testSetBankAccount</h3><table class="result"><tr><th class="invisible"/></tr></table><p class="totop"><a href="#summary">back to summary</a></p>
<h3 id="m100">model.LoanTest#testSetBegin_date</h3><table class="result"><tr><th class="invisible"/></tr></table><p class="totop"><a href="#summary">back to summary</a></p>
<h3 id="m101">model.LoanTest#testSetId</h3><table class="result"><tr><th class="invisible"/></tr></table><p class="totop"><a href="#summary">back to summary</a></p>
<h3 id="m102">model.LoanTest#testSetInterestDetail</h3><table class="result"><tr><th class="invisible"/></tr></table><p class="totop"><a href="#summary">back to summary</a></p>
<h3 id="m103">model.LoanTest#testSetStatus</h3><table class="result"><tr><th class="invisible"/></tr></table><p class="totop"><a href="#summary">back to summary</a></p>
<h2>model.PaymentTest</h2><h3 id="m104">model.PaymentTest#testGetAmount_per_month</h3><table class="result"><tr><th>Exception</th></tr><tr><td><div class="stacktrace">java.lang.AssertionError: The test case is a prototype.
	at org.junit.Assert.fail(Assert.java:89)
	at model.PaymentTest.testGetAmount_per_month(PaymentTest.java:104)
	at org.junit.runners.model.FrameworkMethod$1.runReflectiveCall(FrameworkMethod.java:59)
	at org.junit.internal.runners.model.ReflectiveCallable.run(ReflectiveCallable.java:12)
	at org.junit.runners.model.FrameworkMethod.invokeExplosively(FrameworkMethod.java:56)
	at org.junit.internal.runners.statements.InvokeMethod.evaluate(InvokeMethod.java:17)
	at org.junit.internal.runners.statements.RunBefores.evaluate(RunBefores.java:26)
	at org.junit.internal.runners.statements.RunAfters.evaluate(RunAfters.java:27)
	at org.junit.runners.ParentRunner$3.evaluate(ParentRunner.java:306)
	at org.junit.runners.BlockJUnit4ClassRunner$1.evaluate(BlockJUnit4ClassRunner.java:100)
	at org.junit.runners.ParentRunner.runLeaf(ParentRunner.java:366)
	at org.junit.runners.BlockJUnit4ClassRunner.runChild(BlockJUnit4ClassRunner.java:103)
	at org.junit.runners.BlockJUnit4ClassRunner.runChild(BlockJUnit4ClassRunner.java:63)
	at org.junit.runners.ParentRunner$4.run(ParentRunner.java:331)
	at org.junit.runners.ParentRunner$1.schedule(ParentRunner.java:79)
	at org.junit.runners.ParentRunner.runChildren(ParentRunner.java:329)
	at org.junit.runners.ParentRunner.access$100(ParentRunner.java:66)
	at org.junit.runners.ParentRunner$2.evaluate(ParentRunner.java:293)
	at org.junit.internal.runners.statements.RunBefores.evaluate(RunBefores.java:26)
	at org.junit.internal.runners.statements.RunAfters.evaluate(RunAfters.java:27)
	at org.junit.runners.ParentRunner$3.evaluate(ParentRunner.java:306)
	at org.junit.runners.ParentRunner.run(ParentRunner.java:413)
	at org.junit.runner.JUnitCore.run(JUnitCore.java:137)
	at org.junit.runner.JUnitCore.run(JUnitCore.java:115)
... Removed 22 stack frames</div></td></tr></table><p class="totop"><a href="#summary">back to summary</a></p>
<h3 id="m105">model.PaymentTest#testGetId</h3><table class="result"><tr><th>Exception</th></tr><tr><td><div class="stacktrace">java.lang.AssertionError: The test case is a prototype.
	at org.junit.Assert.fail(Assert.java:89)
	at model.PaymentTest.testGetId(PaymentTest.java:50)
	at org.junit.runners.model.FrameworkMethod$1.runReflectiveCall(FrameworkMethod.java:59)
	at org.junit.internal.runners.model.ReflectiveCallable.run(ReflectiveCallable.java:12)
	at org.junit.runners.model.FrameworkMethod.invokeExplosively(FrameworkMethod.java:56)
	at org.junit.internal.runners.statements.InvokeMethod.evaluate(InvokeMethod.java:17)
	at org.junit.internal.runners.statements.RunBefores.evaluate(RunBefores.java:26)
	at org.junit.internal.runners.statements.RunAfters.evaluate(RunAfters.java:27)
	at org.junit.runners.ParentRunner$3.evaluate(ParentRunner.java:306)
	at org.junit.runners.BlockJUnit4ClassRunner$1.evaluate(BlockJUnit4ClassRunner.java:100)
	at org.junit.runners.ParentRunner.runLeaf(ParentRunner.java:366)
	at org.junit.runners.BlockJUnit4ClassRunner.runChild(BlockJUnit4ClassRunner.java:103)
	at org.junit.runners.BlockJUnit4ClassRunner.runChild(BlockJUnit4ClassRunner.java:63)
	at org.junit.runners.ParentRunner$4.run(ParentRunner.java:331)
	at org.junit.runners.ParentRunner$1.schedule(ParentRunner.java:79)
	at org.junit.runners.ParentRunner.runChildren(ParentRunner.java:329)
	at org.junit.runners.ParentRunner.access$100(ParentRunner.java:66)
	at org.junit.runners.ParentRunner$2.evaluate(ParentRunner.java:293)
	at org.junit.internal.runners.statements.RunBefores.evaluate(RunBefores.java:26)
	at org.junit.internal.runners.statements.RunAfters.evaluate(RunAfters.java:27)
	at org.junit.runners.ParentRunner$3.evaluate(ParentRunner.java:306)
	at org.junit.runners.ParentRunner.run(ParentRunner.java:413)
	at org.junit.runner.JUnitCore.run(JUnitCore.java:137)
	at org.junit.runner.JUnitCore.run(JUnitCore.java:115)
... Removed 22 stack frames</div></td></tr></table><p class="totop"><a href="#summary">back to summary</a></p>
<h3 id="m106">model.PaymentTest#testGetLoan</h3><table class="result"><tr><th>Exception</th></tr><tr><td><div class="stacktrace">java.lang.AssertionError: The test case is a prototype.
	at org.junit.Assert.fail(Assert.java:89)
	at model.PaymentTest.testGetLoan(PaymentTest.java:77)
	at org.junit.runners.model.FrameworkMethod$1.runReflectiveCall(FrameworkMethod.java:59)
	at org.junit.internal.runners.model.ReflectiveCallable.run(ReflectiveCallable.java:12)
	at org.junit.runners.model.FrameworkMethod.invokeExplosively(FrameworkMethod.java:56)
	at org.junit.internal.runners.statements.InvokeMethod.evaluate(InvokeMethod.java:17)
	at org.junit.internal.runners.statements.RunBefores.evaluate(RunBefores.java:26)
	at org.junit.internal.runners.statements.RunAfters.evaluate(RunAfters.java:27)
	at org.junit.runners.ParentRunner$3.evaluate(ParentRunner.java:306)
	at org.junit.runners.BlockJUnit4ClassRunner$1.evaluate(BlockJUnit4ClassRunner.java:100)
	at org.junit.runners.ParentRunner.runLeaf(ParentRunner.java:366)
	at org.junit.runners.BlockJUnit4ClassRunner.runChild(BlockJUnit4ClassRunner.java:103)
	at org.junit.runners.BlockJUnit4ClassRunner.runChild(BlockJUnit4ClassRunner.java:63)
	at org.junit.runners.ParentRunner$4.run(ParentRunner.java:331)
	at org.junit.runners.ParentRunner$1.schedule(ParentRunner.java:79)
	at org.junit.runners.ParentRunner.runChildren(ParentRunner.java:329)
	at org.junit.runners.ParentRunner.access$100(ParentRunner.java:66)
	at org.junit.runners.ParentRunner$2.evaluate(ParentRunner.java:293)
	at org.junit.internal.runners.statements.RunBefores.evaluate(RunBefores.java:26)
	at org.junit.internal.runners.statements.RunAfters.evaluate(RunAfters.java:27)
	at org.junit.runners.ParentRunner$3.evaluate(ParentRunner.java:306)
	at org.junit.runners.ParentRunner.run(ParentRunner.java:413)
	at org.junit.runner.JUnitCore.run(JUnitCore.java:137)
	at org.junit.runner.JUnitCore.run(JUnitCore.java:115)
... Removed 22 stack frames</div></td></tr></table><p class="totop"><a href="#summary">back to summary</a></p>
<h3 id="m107">model.PaymentTest#testSetAmount_per_month</h3><table class="result"><tr><th>Exception</th></tr><tr><td><div class="stacktrace">java.lang.AssertionError: The test case is a prototype.
	at org.junit.Assert.fail(Assert.java:89)
	at model.PaymentTest.testSetAmount_per_month(PaymentTest.java:117)
	at org.junit.runners.model.FrameworkMethod$1.runReflectiveCall(FrameworkMethod.java:59)
	at org.junit.internal.runners.model.ReflectiveCallable.run(ReflectiveCallable.java:12)
	at org.junit.runners.model.FrameworkMethod.invokeExplosively(FrameworkMethod.java:56)
	at org.junit.internal.runners.statements.InvokeMethod.evaluate(InvokeMethod.java:17)
	at org.junit.internal.runners.statements.RunBefores.evaluate(RunBefores.java:26)
	at org.junit.internal.runners.statements.RunAfters.evaluate(RunAfters.java:27)
	at org.junit.runners.ParentRunner$3.evaluate(ParentRunner.java:306)
	at org.junit.runners.BlockJUnit4ClassRunner$1.evaluate(BlockJUnit4ClassRunner.java:100)
	at org.junit.runners.ParentRunner.runLeaf(ParentRunner.java:366)
	at org.junit.runners.BlockJUnit4ClassRunner.runChild(BlockJUnit4ClassRunner.java:103)
	at org.junit.runners.BlockJUnit4ClassRunner.runChild(BlockJUnit4ClassRunner.java:63)
	at org.junit.runners.ParentRunner$4.run(ParentRunner.java:331)
	at org.junit.runners.ParentRunner$1.schedule(ParentRunner.java:79)
	at org.junit.runners.ParentRunner.runChildren(ParentRunner.java:329)
	at org.junit.runners.ParentRunner.access$100(ParentRunner.java:66)
	at org.junit.runners.ParentRunner$2.evaluate(ParentRunner.java:293)
	at org.junit.internal.runners.statements.RunBefores.evaluate(RunBefores.java:26)
	at org.junit.internal.runners.statements.RunAfters.evaluate(RunAfters.java:27)
	at org.junit.runners.ParentRunner$3.evaluate(ParentRunner.java:306)
	at org.junit.runners.ParentRunner.run(ParentRunner.java:413)
	at org.junit.runner.JUnitCore.run(JUnitCore.java:137)
	at org.junit.runner.JUnitCore.run(JUnitCore.java:115)
... Removed 22 stack frames</div></td></tr></table><p class="totop"><a href="#summary">back to summary</a></p>
<h3 id="m108">model.PaymentTest#testSetFine</h3><table class="result"><tr><th>Exception</th></tr><tr><td><div class="stacktrace">java.lang.AssertionError: expected:&lt;321.0&gt; but was:&lt;0.0&gt;
	at org.junit.Assert.fail(Assert.java:89)
	at org.junit.Assert.failNotEquals(Assert.java:835)
	at org.junit.Assert.assertEquals(Assert.java:555)
	at org.junit.Assert.assertEquals(Assert.java:685)
	at model.PaymentTest.testSetFine(PaymentTest.java:169)
	at org.junit.runners.model.FrameworkMethod$1.runReflectiveCall(FrameworkMethod.java:59)
	at org.junit.internal.runners.model.ReflectiveCallable.run(ReflectiveCallable.java:12)
	at org.junit.runners.model.FrameworkMethod.invokeExplosively(FrameworkMethod.java:56)
	at org.junit.internal.runners.statements.InvokeMethod.evaluate(InvokeMethod.java:17)
	at org.junit.internal.runners.statements.RunBefores.evaluate(RunBefores.java:26)
	at org.junit.internal.runners.statements.RunAfters.evaluate(RunAfters.java:27)
	at org.junit.runners.ParentRunner$3.evaluate(ParentRunner.java:306)
	at org.junit.runners.BlockJUnit4ClassRunner$1.evaluate(BlockJUnit4ClassRunner.java:100)
	at org.junit.runners.ParentRunner.runLeaf(ParentRunner.java:366)
	at org.junit.runners.BlockJUnit4ClassRunner.runChild(BlockJUnit4ClassRunner.java:103)
	at org.junit.runners.BlockJUnit4ClassRunner.runChild(BlockJUnit4ClassRunner.java:63)
	at org.junit.runners.ParentRunner$4.run(ParentRunner.java:331)
	at org.junit.runners.ParentRunner$1.schedule(ParentRunner.java:79)
	at org.junit.runners.ParentRunner.runChildren(ParentRunner.java:329)
	at org.junit.runners.ParentRunner.access$100(ParentRunner.java:66)
	at org.junit.runners.ParentRunner$2.evaluate(ParentRunner.java:293)
	at org.junit.internal.runners.statements.RunBefores.evaluate(RunBefores.java:26)
	at org.junit.internal.runners.statements.RunAfters.evaluate(RunAfters.java:27)
	at org.junit.runners.ParentRunner$3.evaluate(ParentRunner.java:306)
	at org.junit.runners.ParentRunner.run(ParentRunner.java:413)
	at org.junit.runner.JUnitCore.run(JUnitCore.java:137)
	at org.junit.runner.JUnitCore.run(JUnitCore.java:115)
... Removed 22 stack frames</div></td></tr></table><p class="totop"><a href="#summary">back to summary</a></p>
<h3 id="m109">model.PaymentTest#testSetId</h3><table class="result"><tr><th>Exception</th></tr><tr><td><div class="stacktrace">java.lang.AssertionError: The test case is a prototype.
	at org.junit.Assert.fail(Assert.java:89)
	at model.PaymentTest.testSetId(PaymentTest.java:63)
	at org.junit.runners.model.FrameworkMethod$1.runReflectiveCall(FrameworkMethod.java:59)
	at org.junit.internal.runners.model.ReflectiveCallable.run(ReflectiveCallable.java:12)
	at org.junit.runners.model.FrameworkMethod.invokeExplosively(FrameworkMethod.java:56)
	at org.junit.internal.runners.statements.InvokeMethod.evaluate(InvokeMethod.java:17)
	at org.junit.internal.runners.statements.RunBefores.evaluate(RunBefores.java:26)
	at org.junit.internal.runners.statements.RunAfters.evaluate(RunAfters.java:27)
	at org.junit.runners.ParentRunner$3.evaluate(ParentRunner.java:306)
	at org.junit.runners.BlockJUnit4ClassRunner$1.evaluate(BlockJUnit4ClassRunner.java:100)
	at org.junit.runners.ParentRunner.runLeaf(ParentRunner.java:366)
	at org.junit.runners.BlockJUnit4ClassRunner.runChild(BlockJUnit4ClassRunner.java:103)
	at org.junit.runners.BlockJUnit4ClassRunner.runChild(BlockJUnit4ClassRunner.java:63)
	at org.junit.runners.ParentRunner$4.run(ParentRunner.java:331)
	at org.junit.runners.ParentRunner$1.schedule(ParentRunner.java:79)
	at org.junit.runners.ParentRunner.runChildren(ParentRunner.java:329)
	at org.junit.runners.ParentRunner.access$100(ParentRunner.java:66)
	at org.junit.runners.ParentRunner$2.evaluate(ParentRunner.java:293)
	at org.junit.internal.runners.statements.RunBefores.evaluate(RunBefores.java:26)
	at org.junit.internal.runners.statements.RunAfters.evaluate(RunAfters.java:27)
	at org.junit.runners.ParentRunner$3.evaluate(ParentRunner.java:306)
	at org.junit.runners.ParentRunner.run(ParentRunner.java:413)
	at org.junit.runner.JUnitCore.run(JUnitCore.java:137)
	at org.junit.runner.JUnitCore.run(JUnitCore.java:115)
... Removed 22 stack frames</div></td></tr></table><p class="totop"><a href="#summary">back to summary</a></p>
<h3 id="m110">model.PaymentTest#testSetLoan</h3><table class="result"><tr><th>Exception</th></tr><tr><td><div class="stacktrace">java.lang.AssertionError: The test case is a prototype.
	at org.junit.Assert.fail(Assert.java:89)
	at model.PaymentTest.testSetLoan(PaymentTest.java:90)
	at org.junit.runners.model.FrameworkMethod$1.runReflectiveCall(FrameworkMethod.java:59)
	at org.junit.internal.runners.model.ReflectiveCallable.run(ReflectiveCallable.java:12)
	at org.junit.runners.model.FrameworkMethod.invokeExplosively(FrameworkMethod.java:56)
	at org.junit.internal.runners.statements.InvokeMethod.evaluate(InvokeMethod.java:17)
	at org.junit.internal.runners.statements.RunBefores.evaluate(RunBefores.java:26)
	at org.junit.internal.runners.statements.RunAfters.evaluate(RunAfters.java:27)
	at org.junit.runners.ParentRunner$3.evaluate(ParentRunner.java:306)
	at org.junit.runners.BlockJUnit4ClassRunner$1.evaluate(BlockJUnit4ClassRunner.java:100)
	at org.junit.runners.ParentRunner.runLeaf(ParentRunner.java:366)
	at org.junit.runners.BlockJUnit4ClassRunner.runChild(BlockJUnit4ClassRunner.java:103)
	at org.junit.runners.BlockJUnit4ClassRunner.runChild(BlockJUnit4ClassRunner.java:63)
	at org.junit.runners.ParentRunner$4.run(ParentRunner.java:331)
	at org.junit.runners.ParentRunner$1.schedule(ParentRunner.java:79)
	at org.junit.runners.ParentRunner.runChildren(ParentRunner.java:329)
	at org.junit.runners.ParentRunner.access$100(ParentRunner.java:66)
	at org.junit.runners.ParentRunner$2.evaluate(ParentRunner.java:293)
	at org.junit.internal.runners.statements.RunBefores.evaluate(RunBefores.java:26)
	at org.junit.internal.runners.statements.RunAfters.evaluate(RunAfters.java:27)
	at org.junit.runners.ParentRunner$3.evaluate(ParentRunner.java:306)
	at org.junit.runners.ParentRunner.run(ParentRunner.java:413)
	at org.junit.runner.JUnitCore.run(JUnitCore.java:137)
	at org.junit.runner.JUnitCore.run(JUnitCore.java:115)
... Removed 22 stack frames</div></td></tr></table><p class="totop"><a href="#summary">back to summary</a></p>
<h3 id="m111">model.PaymentTest#testSetPayment_date</h3><table class="result"><tr><th>Exception</th></tr><tr><td><div class="stacktrace">org.junit.ComparisonFailure: expected:&lt;[22/12/2023]&gt; but was:&lt;[]&gt;
	at org.junit.Assert.assertEquals(Assert.java:117)
	at org.junit.Assert.assertEquals(Assert.java:146)
	at model.PaymentTest.testSetPayment_date(PaymentTest.java:221)
	at org.junit.runners.model.FrameworkMethod$1.runReflectiveCall(FrameworkMethod.java:59)
	at org.junit.internal.runners.model.ReflectiveCallable.run(ReflectiveCallable.java:12)
	at org.junit.runners.model.FrameworkMethod.invokeExplosively(FrameworkMethod.java:56)
	at org.junit.internal.runners.statements.InvokeMethod.evaluate(InvokeMethod.java:17)
	at org.junit.internal.runners.statements.RunBefores.evaluate(RunBefores.java:26)
	at org.junit.internal.runners.statements.RunAfters.evaluate(RunAfters.java:27)
	at org.junit.runners.ParentRunner$3.evaluate(ParentRunner.java:306)
	at org.junit.runners.BlockJUnit4ClassRunner$1.evaluate(BlockJUnit4ClassRunner.java:100)
	at org.junit.runners.ParentRunner.runLeaf(ParentRunner.java:366)
	at org.junit.runners.BlockJUnit4ClassRunner.runChild(BlockJUnit4ClassRunner.java:103)
	at org.junit.runners.BlockJUnit4ClassRunner.runChild(BlockJUnit4ClassRunner.java:63)
	at org.junit.runners.ParentRunner$4.run(ParentRunner.java:331)
	at org.junit.runners.ParentRunner$1.schedule(ParentRunner.java:79)
	at org.junit.runners.ParentRunner.runChildren(ParentRunner.java:329)
	at org.junit.runners.ParentRunner.access$100(ParentRunner.java:66)
	at org.junit.runners.ParentRunner$2.evaluate(ParentRunner.java:293)
	at org.junit.internal.runners.statements.RunBefores.evaluate(RunBefores.java:26)
	at org.junit.internal.runners.statements.RunAfters.evaluate(RunAfters.java:27)
	at org.junit.runners.ParentRunner$3.evaluate(ParentRunner.java:306)
	at org.junit.runners.ParentRunner.run(ParentRunner.java:413)
	at org.junit.runner.JUnitCore.run(JUnitCore.java:137)
	at org.junit.runner.JUnitCore.run(JUnitCore.java:115)
... Removed 22 stack frames</div></td></tr></table><p class="totop"><a href="#summary">back to summary</a></p>
<h3 id="m112">model.PaymentTest#testGetFine</h3><table class="result"><tr><th class="invisible"/></tr></table><p class="totop"><a href="#summary">back to summary</a></p>
<h3 id="m113">model.PaymentTest#testGetInterest_per_month</h3><table class="result"><tr><th class="invisible"/></tr></table><p class="totop"><a href="#summary">back to summary</a></p>
<h3 id="m114">model.PaymentTest#testGetPay_date</h3><table class="result"><tr><th class="invisible"/></tr></table><p class="totop"><a href="#summary">back to summary</a></p>
<h3 id="m115">model.PaymentTest#testGetPayment_amount</h3><table class="result"><tr><th class="invisible"/></tr></table><p class="totop"><a href="#summary">back to summary</a></p>
<h3 id="m116">model.PaymentTest#testGetPayment_date</h3><table class="result"><tr><th class="invisible"/></tr></table><p class="totop"><a href="#summary">back to summary</a></p>
<h3 id="m117">model.PaymentTest#testIsStatus</h3><table class="result"><tr><th class="invisible"/></tr></table><p class="totop"><a href="#summary">back to summary</a></p>
<h3 id="m118">model.PaymentTest#testSetInterest_per_month</h3><table class="result"><tr><th class="invisible"/></tr></table><p class="totop"><a href="#summary">back to summary</a></p>
<h3 id="m119">model.PaymentTest#testSetPay_date</h3><table class="result"><tr><th class="invisible"/></tr></table><p class="totop"><a href="#summary">back to summary</a></p>
<h3 id="m120">model.PaymentTest#testSetPayment_amount</h3><table class="result"><tr><th class="invisible"/></tr></table><p class="totop"><a href="#summary">back to summary</a></p>
<h3 id="m121">model.PaymentTest#testSetStatus</h3><table class="result"><tr><th class="invisible"/></tr></table><p class="totop"><a href="#summary">back to summary</a></p>
</body>
</html>
